<?xml version="1.0" encoding="UTF-8"?>
<!-- Generated by org.testng.reporters.JUnitXMLReporter -->
<testsuite hostname="lgvn17979" ignored="0" name="Test" tests="6" failures="2" timestamp="27 Sep 2018 01:24:35 GMT" time="39.776" errors="0">
  <testcase name="TC01" time="1.339" classname="RailWay.LoginTest"/>
  <testcase name="TC02" time="0.972" classname="RailWay.LoginTest"/>
  <testcase name="TC03" time="1.042" classname="RailWay.LoginTest">
    <failure type="java.lang.AssertionError" message="Error message is not displayed as expected! expected [There was a problem with your login and/or errors exist in your form.] but found [Invalid username or password. Please try again.]">
      <![CDATA[java.lang.AssertionError: Error message is not displayed as expected! expected [There was a problem with your login and/or errors exist in your form.] but found [Invalid username or password. Please try again.]
at RailWay.LoginTest.TC03(LoginTest.java:48)
... Removed 30 stack frames]]>
    </failure>
  </testcase> <!-- TC03 -->
  <testcase name="TC05" time="2.394" classname="RailWay.LoginTest">
    <failure type="java.lang.AssertionError" message="Error message is not displayed as expected! expected [You have used 4 out of 5 login attempts. After all 5 have been used, you will be unable to login for 15 minutes.] but found [Invalid username or password. Please try again.]">
      <![CDATA[java.lang.AssertionError: Error message is not displayed as expected! expected [You have used 4 out of 5 login attempts. After all 5 have been used, you will be unable to login for 15 minutes.] but found [Invalid username or password. Please try again.]
at RailWay.LoginTest.TC05(LoginTest.java:64)
... Removed 30 stack frames]]>
    </failure>
  </testcase> <!-- TC05 -->
  <testcase name="TC06" time="1.836" classname="RailWay.LoginTest"/>
  <testcase name="TC08" time="7.301" classname="RailWay.LoginTest"/>
</testsuite> <!-- Test -->
