<?xml version="1.0" encoding="UTF-8"?>
<testng-results skipped="0" failed="0" ignored="0" total="1" passed="1">
  <reporter-output>
  </reporter-output>
  <suite name="Default suite" duration-ms="5310" started-at="2018-09-28T11:00:08Z" finished-at="2018-09-28T11:00:13Z">
    <groups>
    </groups>
    <test name="Default test" duration-ms="5310" started-at="2018-09-28T11:00:08Z" finished-at="2018-09-28T11:00:13Z">
      <class name="RailWay.ContactTest">
        <test-method status="PASS" signature="beforeMethod()[pri:0, instance:RailWay.ContactTest@68c4039c]" name="beforeMethod" is-config="true" duration-ms="3768" started-at="2018-09-28T11:00:08Z" finished-at="2018-09-28T11:00:11Z">
          <reporter-output>
          </reporter-output>
        </test-method> <!-- beforeMethod -->
        <test-method status="PASS" signature="TC04()[pri:0, instance:RailWay.ContactTest@68c4039c]" name="TC04" duration-ms="800" started-at="2018-09-28T11:00:11Z" finished-at="2018-09-28T11:00:12Z">
          <reporter-output>
          </reporter-output>
        </test-method> <!-- TC04 -->
        <test-method status="PASS" signature="afterMethod()[pri:0, instance:RailWay.ContactTest@68c4039c]" name="afterMethod" is-config="true" duration-ms="724" started-at="2018-09-28T11:00:12Z" finished-at="2018-09-28T11:00:13Z">
          <reporter-output>
          </reporter-output>
        </test-method> <!-- afterMethod -->
      </class> <!-- RailWay.ContactTest -->
    </test> <!-- Default test -->
  </suite> <!-- Default suite -->
</testng-results>
